---------------------------------------------------------------
TxId	Txtype	Operation	ObId:Obvalue:optime	LockType	Status		TxStatus
T1	      	ReadTx		1:-1:277	ReadLock	Granted		 P
T2	      	ReadTx		2:-1:235	ReadLock	Granted		 P
T2	      	AbortTx				         		        A

T1	      	WriteTx		2:0:277	WriteLock	Granted		 P
T1	      	CommitTx				         		        E

---------------------------------------------------------------
TxId	Txtype	Operation	ObId:Obvalue:optime	LockType	Status		TxStatus
T2	      	ReadTx		2:-1:235	ReadLock	Granted		 P
T1	      	ReadTx		1:-1:277	ReadLock	Granted		 P
T1	      	AbortTx				         		        A

T2	      	WriteTx		1:0:235	WriteLock	Granted		 P
T2	      	CommitTx				         		        E

---------------------------------------------------------------
TxId	Txtype	Operation	ObId:Obvalue:optime	LockType	Status		TxStatus
T1	      	ReadTx		1:-1:277	ReadLock	Granted		 P
T2	      	ReadTx		2:-1:235	ReadLock	Granted		 P
T1	      	AbortTx				         		        A

T2	      	CommitTx				         		        E

T1	      	WriteTx		2:0:277	WriteLock	Granted		 A
---------------------------------------------------------------
TxId	Txtype	Operation	ObId:Obvalue:optime	LockType	Status		TxStatus
T2	      	ReadTx		2:-1:235	ReadLock	Granted		 P
T1	      	ReadTx		1:-1:277	ReadLock	Granted		 P
T1	      	AbortTx				         		        A

T2	      	WriteTx		1:0:235	WriteLock	Granted		 P
T2	      	CommitTx				         		        E

---------------------------------------------------------------
TxId	Txtype	Operation	ObId:Obvalue:optime	LockType	Status		TxStatus
T1	      	BeginTx		        	         	       		 P
T2	      	BeginTx		        	         	       		 P
T2	      	ReadTx		2:-1:235	ReadLock	Granted		 P
T1	      	ReadTx		1:-1:277	ReadLock	Granted		 P
T1	      	AbortTx				         		        A

T2	      	WriteTx		1:0:235	WriteLock	Granted		 P
T2	      	CommitTx				         		        E

---------------------------------------------------------------
TxId	Txtype	Operation	ObId:Obvalue:optime	LockType	Status		TxStatus
T2	      	BeginTx		        	         	       		 P
T1	      	BeginTx		        	         	       		 P
T1	      	ReadTx		1:-1:277	ReadLock	Granted		 P
T2	      	ReadTx		2:-1:235	ReadLock	Granted		 P
T1	      	AbortTx				         		        A

T2	      	CommitTx				         		        E

T1	      	WriteTx		2:0:277	WriteLock	Granted		 A
---------------------------------------------------------------
TxId	Txtype	Operation	ObId:Obvalue:optime	LockType	Status		TxStatus
T2	      	BeginTx		        	         	       		 P
T1	      	BeginTx		        	         	       		 P
T2	      	ReadTx		2:-1:235	ReadLock	Granted		 P
T1	      	ReadTx		1:-1:277	ReadLock	Granted		 P
T1	      	AbortTx				         		        A

T2	      	WriteTx		1:0:235	WriteLock	Granted		 P
T2	      	CommitTx				         		        E

---------------------------------------------------------------
TxId	Txtype	Operation	ObId:Obvalue:optime	LockType	Status		TxStatus
T1	      	BeginTx		        	         	       		 P
T2	      	BeginTx		        	         	       		 P
T1	      	ReadTx		1:-1:277	ReadLock	Granted		 P
T2	      	ReadTx		2:-1:235	ReadLock	Granted		 P
T1	      	AbortTx				         		        A

T2	      	CommitTx				         		        E

T1	      	WriteTx		2:0:277	WriteLock	Granted		 A
---------------------------------------------------------------
TxId	Txtype	Operation	ObId:Obvalue:optime	LockType	Status		TxStatus
T2	      	BeginTx		        	         	       		 P
T1	      	BeginTx		        	         	       		 P
T2	      	ReadTx		2:-1:235	ReadLock	Granted		 P
T1	      	ReadTx		1:-1:277	ReadLock	Granted		 P
T1	      	AbortTx				         		        A

T2	      	WriteTx		1:0:235	WriteLock	Granted		 P
T2	      	CommitTx				         		        E

---------------------------------------------------------------
TxId	Txtype	Operation	ObId:Obvalue:optime	LockType	Status		TxStatus
T2	      	BeginTx		        	         	       		 P
T1	      	BeginTx		        	         	       		 P
T2	      	ReadTx		2:-1:235	ReadLock	Granted		 P
T1	      	AbortTx				         		        A

T2	      	WriteTx		1:0:235	WriteLock	Granted		 P
T2	      	CommitTx				         		        E
T1	      	ReadTx		1:-1:277	ReadLock	Granted		 P

---------------------------------------------------------------
TxId	Txtype	Operation	ObId:Obvalue:optime	LockType	Status		TxStatus
T2	      	BeginTx		        	         	       		 P
T1	      	BeginTx		        	         	       		 P
T2	      	ReadTx		2:-1:235	ReadLock	Granted		 P
T1	      	ReadTx		1:-1:277	ReadLock	Granted		 P
T1	      	AbortTx				         		        A

T2	      	WriteTx		1:0:235	WriteLock	Granted		 P
T2	      	CommitTx				         		        E

---------------------------------------------------------------
TxId	Txtype	Operation	ObId:Obvalue:optime	LockType	Status		TxStatus
T2	      	BeginTx		        	         	       		 P
T1	      	BeginTx		        	         	       		 P
T2	      	ReadTx		2:-1:235	ReadLock	Granted		 P
T1	      	ReadTx		1:-1:277	ReadLock	Granted		 P
T1	      	AbortTx				         		        A

T2	      	WriteTx		1:0:235	WriteLock	Granted		 P
T2	      	CommitTx				         		        E

---------------------------------------------------------------
TxId	Txtype	Operation	ObId:Obvalue:optime	LockType	Status		TxStatus
T2	      	BeginTx		        	         	       		 P
T1	      	BeginTx		        	         	       		 P
T2	      	ReadTx		2:-1:235	ReadLock	Granted		 P
T1	      	ReadTx		1:-1:277	ReadLock	Granted		 P
T1	      	AbortTx				         		        A

T2	      	WriteTx		1:0:235	WriteLock	Granted		 P
T2	      	CommitTx				         		        E

---------------------------------------------------------------
TxId	Txtype	Operation	ObId:Obvalue:optime	LockType	Status		TxStatus
T2	      	BeginTx		        	         	       		 P
T1	      	BeginTx		        	         	       		 P
T2	      	ReadTx		2:-1:235	ReadLock	Granted		 P
T1	      	ReadTx		1:-1:277	ReadLock	Granted		 P
T1	      	AbortTx				         		        A

T2	      	WriteTx		1:0:235	WriteLock	Granted		 P
T2	      	CommitTx				         		        E

---------------------------------------------------------------
TxId	Txtype	Operation	ObId:Obvalue:optime	LockType	Status		TxStatus
T2	      	BeginTx		        	         	       		 P
T1	      	BeginTx		        	         	       		 P
T2	      	ReadTx		2:-1:235	ReadLock	Granted		 P
T1	      	ReadTx		1:-1:277	ReadLock	Granted		 P
T1	      	AbortTx				         		        A

T2	      	WriteTx		1:0:235	WriteLock	Granted		 P
T2	      	CommitTx				         		        E

---------------------------------------------------------------
TxId	Txtype	Operation	ObId:Obvalue:optime	LockType	Status		TxStatus
T1	      	BeginTx		        	         	       		 P
T2	      	BeginTx		        	         	       		 P
T1	      	ReadTx		1:-1:277	ReadLock	Granted		 P
T2	      	ReadTx		2:-1:235	ReadLock	Granted		 P
T1	      	AbortTx				         		        A

T2	      	CommitTx				         		        E

T1	      	WriteTx		2:0:277	WriteLock	Granted		 A
